c:\users\student\desktop\consoleapplication2\consoleapplication2\debug\source.obj
c:\users\student\desktop\consoleapplication2\consoleapplication2\debug\vc110.pdb
c:\users\student\desktop\consoleapplication2\debug\consoleapplication2.ilk
c:\users\student\desktop\consoleapplication2\debug\consoleapplication2.exe
c:\users\student\desktop\consoleapplication2\debug\consoleapplication2.pdb
c:\users\student\desktop\consoleapplication2\consoleapplication2\debug\vc120.pdb
c:\users\student\desktop\consoleapplication2\consoleapplication2\debug\vc120.idb
c:\users\student\desktop\consoleapplication2\consoleapplication2\debug\cl.command.1.tlog
c:\users\student\desktop\consoleapplication2\consoleapplication2\debug\cl.read.1.tlog
c:\users\student\desktop\consoleapplication2\consoleapplication2\debug\cl.write.1.tlog
c:\users\student\desktop\consoleapplication2\consoleapplication2\debug\link-cvtres.read.1.tlog
c:\users\student\desktop\consoleapplication2\consoleapplication2\debug\link-cvtres.write.1.tlog
c:\users\student\desktop\consoleapplication2\consoleapplication2\debug\link-rc.read.1.tlog
c:\users\student\desktop\consoleapplication2\consoleapplication2\debug\link-rc.write.1.tlog
c:\users\student\desktop\consoleapplication2\consoleapplication2\debug\link.command.1.tlog
c:\users\student\desktop\consoleapplication2\consoleapplication2\debug\link.read.1.tlog
c:\users\student\desktop\consoleapplication2\consoleapplication2\debug\link.write.1.tlog
c:\users\student\desktop\consoleapplication2\consoleapplication2\debug\vc110.idb
c:\users\student\desktop\consoleapplication2\consoleapplication2\debug\consolea.c083fe17.tlog\cl.command.1.tlog
c:\users\student\desktop\consoleapplication2\consoleapplication2\debug\consolea.c083fe17.tlog\cl.read.1.tlog
c:\users\student\desktop\consoleapplication2\consoleapplication2\debug\consolea.c083fe17.tlog\cl.write.1.tlog
c:\users\student\desktop\consoleapplication2\consoleapplication2\debug\consolea.c083fe17.tlog\link.command.1.tlog
c:\users\student\desktop\consoleapplication2\consoleapplication2\debug\consolea.c083fe17.tlog\link.read.1.tlog
c:\users\student\desktop\consoleapplication2\consoleapplication2\debug\consolea.c083fe17.tlog\link.write.1.tlog
